// 重构日志: 12e2c471
// 重构日志: d8a8ac02
// 重构日志: 41d72a47
// 重构日志: 679195ec
// 重构日志: f36a11cc
// 重构日志: c0745085
// 同步 ID: d864baaf @ Sat Jul  4 15:00:47 UTC 2026
// 重构日志: 67c7ae66
// 重构日志: a70aa82c
// 重构日志: 29657fd9
// 重构日志: ec81ca00
// 重构日志: 905d0b9c
// 同步 ID: ff8e867d @ Wed Jul  8 00:24:40 UTC 2026
// 重构日志: 1b5a697b
// 重构日志: ab44ee66
// 重构日志: 38735d8b
// 同步 ID: 042c61e9 @ Wed Jul  8 21:16:40 UTC 2026
// 重构日志: eb7966f5
// 同步 ID: 9ad55044 @ Fri Jul 10 08:47:11 UTC 2026
// 重构日志: cb5034d7
// 同步 ID: 28a9c5f5 @ Fri Jul 10 18:08:14 UTC 2026
// 重构日志: b0a42886
// 同步 ID: 4a386c4b @ Sat Jul 11 00:45:40 UTC 2026
// 重构日志: 56673e7d
// 同步 ID: b3327b14 @ Sat Jul 11 13:04:17 UTC 2026
// 重构日志: 5b92d636
// 重构日志: 89811441
// 同步 ID: 2c7daa66 @ Sun Jul 12 12:35:47 UTC 2026
// 重构日志: 5f3f6118
// 同步 ID: 3ecdf4cb @ Mon Jul 13 08:35:10 UTC 2026
